build/app/outputs/mapping/release/mapping.txt
# compiler: R8
# compiler_version: 1.5.64
# min_api: 16
# pg_map_id: 21948b5
...
io.flutter.plugin.editing.ListenableEditingState$1 -> io.flutter.plugin.editing.c$a:
    android.text.Editable val$self -> a
io.flutter.plugin.editing.ListenableEditingState$EditingStateWatcher -> io.flutter.plugin.editing.c$b:
    void didChangeEditingState(boolean,boolean,boolean) -> a
io.flutter.plugin.editing.TextInputPlugin -> io.flutter.plugin.editing.d:
    android.view.autofill.AutofillManager afm -> c
    boolean isInputConnectionLocked -> o
    io.flutter.plugin.editing.TextInputPlugin$InputTarget inputTarget -> e
    boolean mRestartInputPending -> i
    io.flutter.plugin.platform.PlatformViewsController platformViewsController -> k
    io.flutter.embedding.engine.systemchannels.TextInputChannel$Configuration configuration -> f
    android.view.inputmethod.InputConnection lastInputConnection -> j
    android.view.inputmethod.InputMethodManager mImm -> b
    io.flutter.embedding.engine.systemchannels.TextInputChannel textInputChannel -> d
    android.graphics.Rect lastClientRect -> l
    android.view.View mView -> a
    android.util.SparseArray mAutofillConfigurations -> g
    io.flutter.plugin.editing.ListenableEditingState mEditable -> h
    io.flutter.embedding.engine.systemchannels.TextInputChannel$TextEditState mLastKnownFrameworkTextEditingState -> n
    io.flutter.plugin.editing.ImeSyncDeferringInsetsCallback imeSyncCallback -> m
    android.view.View access$000(io.flutter.plugin.editing.TextInputPlugin) -> a
    void access$300(io.flutter.plugin.editing.TextInputPlugin,android.view.View) -> a
    void access$600(io.flutter.plugin.editing.TextInputPlugin,int,boolean) -> a
    void access$700(io.flutter.plugin.editing.TextInputPlugin,double,double,double[]) -> a
    void autofill(android.util.SparseArray) -> a
io.flutter.plugin.editing.TextInputPlugin$1 -> io.flutter.plugin.editing.d$a:
    io.flutter.plugin.editing.TextInputPlugin this$0 -> a
    void finishAutofillContext(boolean) -> a
    void requestAutofill() -> a
    void sendAppPrivateCommand(java.lang.String,android.os.Bundle) -> a
    void setClient(int,io.flutter.embedding.engine.systemchannels.TextInputChannel$Configuration) -> a
    void setEditableSizeAndTransform(double,double,double[]) -> a
    void setEditingState(io.flutter.embedding.engine.systemchannels.TextInputChannel$TextEditState) -> a
    void setPlatformViewClient(int,boolean) -> a
    void clearClient() -> b
    void show() -> c
    void hide() -> d
io.flutter.plugin.editing.TextInputPlugin$2 -> io.flutter.plugin.editing.d$b:
    double[] val$matrix -> b
    double[] val$minMax -> c
    boolean val$isAffine -> a
    void inspect(double,double) -> a
io.flutter.plugin.editing.TextInputPlugin$InputTarget -> io.flutter.plugin.editing.d$c:
    io.flutter.plugin.editing.TextInputPlugin$InputTarget$Type type -> a
    int id -> b
io.flutter.plugin.editing.TextInputPlugin$InputTarget$Type -> io.flutter.plugin.editing.d$c$a:
    io.flutter.plugin.editing.TextInputPlugin$InputTarget$Type VD_PLATFORM_VIEW -> c
    io.flutter.plugin.editing.TextInputPlugin$InputTarget$Type HC_PLATFORM_VIEW -> d
    io.flutter.plugin.editing.TextInputPlugin$InputTarget$Type NO_TARGET -> a
    io.flutter.plugin.editing.TextInputPlugin$InputTarget$Type FRAMEWORK_CLIENT -> b
    io.flutter.plugin.editing.TextInputPlugin$InputTarget$Type[] $VALUES -> e
io.flutter.plugin.editing.TextInputPlugin$MinMax -> io.flutter.plugin.editing.d$d:
    void inspect(double,double) -> a